[warn ] 2026-03-28T22:51:15.408613Z GenBloopFiles.scala:128 Refreshing /Users/oyvind/pr/bleep-publishing-test/.bleep/builds/normal/.bloop... 
[debug] 2026-03-28T22:51:15.421Z CoursierResolver.scala:279 coursier cache miss [cachePath => /Users/oyvind/Library/Caches/build.bleep/coursier-v2/-91048739.json, depNames => [fansi, scala-library, scala3-library], versionCombo => Jvm(VersionScala(3.3.3))]
[debug] 2026-03-28T22:51:15.459896Z FileUtils.scala:52 wrote file [path => /Users/oyvind/Library/Caches/build.bleep/coursier-v2/-91048739.json]
[debug] 2026-03-28T22:51:15.460148Z CoursierResolver.scala:279 coursier cache miss [cachePath => /Users/oyvind/Library/Caches/build.bleep/coursier-v2/866790335.json, depNames => [scala3-compiler_3], versionCombo => Jvm(VersionScala(3.3.3))]
[debug] 2026-03-28T22:51:15.476720Z FileUtils.scala:52 wrote file [path => /Users/oyvind/Library/Caches/build.bleep/coursier-v2/866790335.json]
[debug] 2026-03-28T22:51:15.480269Z GenBloopFiles.scala:141 /Users/oyvind/pr/bleep-publishing-test/.bleep/builds/normal/.bloop/core.json [change => New]
[debug] 2026-03-28T22:51:15.480295Z GenBloopFiles.scala:141 /Users/oyvind/pr/bleep-publishing-test/.bleep/builds/normal/.bloop/bloop-digest [change => New]
[debug] 2026-03-28T22:51:15.480307Z GenBloopFiles.scala:141 /Users/oyvind/pr/bleep-publishing-test/.bleep/builds/normal/.bloop/utils.json [change => New]
[info ] 2026-03-28T22:51:15.480327Z GenBloopFiles.scala:141 wrote bloop files [summary => New: 3]
[info ] 2026-03-28T22:51:15.480359Z bootstrap.scala:85 bootstrapped in 103 ms 
[info ] 2026-03-28T22:51:16.139890Z BleepCacheLogger.scala:14 downloading [url => https://github.com/coursier/jvm-index/raw/master/index.json]
[info ] 2026-03-28T22:51:16.700593Z BleepCacheLogger.scala:17 downloaded [url => https://github.com/coursier/jvm-index/raw/master/index.json]
[debug] 2026-03-28T22:51:16.712133Z BleepRifleLogger.scala:23 bloop-rifle: Checking for a running Bloop server at /Users/oyvind/Library/Caches/build.bleep/socket/graalvm-community_24.0.1 ... 
[debug] 2026-03-28T22:51:16.712784Z BleepRifleLogger.scala:23 bloop-rifle: Attempting to connect to Bloop server /Users/oyvind/Library/Caches/build.bleep/socket/graalvm-community_24.0.1 ... 
[debug] 2026-03-28T22:51:16.712810Z BleepRifleLogger.scala:23 bloop-rifle: Connection attempt result: None 
[debug] 2026-03-28T22:51:16.712823Z BleepRifleLogger.scala:23 bloop-rifle: Checking for a running Bloop server at /Users/oyvind/Library/Caches/build.bleep/socket/graalvm-community_24.0.1 ... 
[debug] 2026-03-28T22:51:16.712844Z BleepRifleLogger.scala:23 bloop-rifle: Attempting to connect to Bloop server /Users/oyvind/Library/Caches/build.bleep/socket/graalvm-community_24.0.1 ... 
[debug] 2026-03-28T22:51:16.712858Z BleepRifleLogger.scala:23 bloop-rifle: Connection attempt result: None 
[debug] 2026-03-28T22:51:16.712866Z BleepRifleLogger.scala:23 bloop-rifle: Bloop daemon status: not running 
[debug] 2026-03-28T22:51:16.713085Z CoursierResolver.scala:279 coursier cache miss [cachePath => /Users/oyvind/Library/Caches/build.bleep/coursier-v2/-1936834879.json, depNames => [bloop-frontend], versionCombo => Jvm(VersionScala(2.12.20))]
[debug] 2026-03-28T22:51:16.844113Z FileUtils.scala:52 wrote file [path => /Users/oyvind/Library/Caches/build.bleep/coursier-v2/-1936834879.json]
[info ] 2026-03-28T22:51:16.844370Z BleepRifleLogger.scala:14 bloop-rifle: Starting compilation server 
[debug] 2026-03-28T22:51:16.844462Z BleepRifleLogger.scala:23 bloop-rifle: Starting Bloop 2.0.17 at /Users/oyvind/Library/Caches/build.bleep/socket/graalvm-community_24.0.1 using JVM /Users/oyvind/Library/Caches/Coursier/arc/https/github.com/graalvm/graalvm-ce-builds/releases/download/jdk-24.0.1/graalvm-community-jdk-24.0.1_macos-aarch64_bin.tar.gz/graalvm-community-openjdk-24.0.1+9.1/Contents/Home/bin/java 
[debug] 2026-03-28T22:51:16.847410Z BleepRifleLogger.scala:23 bloop-rifle: Checking for a running Bloop server at /Users/oyvind/Library/Caches/build.bleep/socket/graalvm-community_24.0.1 ... 
[debug] 2026-03-28T22:51:16.847515Z BleepRifleLogger.scala:23 bloop-rifle: Attempting to connect to Bloop server /Users/oyvind/Library/Caches/build.bleep/socket/graalvm-community_24.0.1 ... 
[debug] 2026-03-28T22:51:16.847544Z BleepRifleLogger.scala:23 bloop-rifle: Connection attempt result: None 
[debug] 2026-03-28T22:51:16.952167Z BleepRifleLogger.scala:23 bloop-rifle: Checking for a running Bloop server at /Users/oyvind/Library/Caches/build.bleep/socket/graalvm-community_24.0.1 ... 
[debug] 2026-03-28T22:51:16.952318Z BleepRifleLogger.scala:23 bloop-rifle: Attempting to connect to Bloop server /Users/oyvind/Library/Caches/build.bleep/socket/graalvm-community_24.0.1 ... 
[debug] 2026-03-28T22:51:16.952341Z BleepRifleLogger.scala:23 bloop-rifle: Connection attempt result: None 
[debug] 2026-03-28T22:51:17.051324Z BleepRifleLogger.scala:23 bloop-rifle: Checking for a running Bloop server at /Users/oyvind/Library/Caches/build.bleep/socket/graalvm-community_24.0.1 ... 
[debug] 2026-03-28T22:51:17.051473Z BleepRifleLogger.scala:23 bloop-rifle: Attempting to connect to Bloop server /Users/oyvind/Library/Caches/build.bleep/socket/graalvm-community_24.0.1 ... 
[debug] 2026-03-28T22:51:17.051493Z BleepRifleLogger.scala:23 bloop-rifle: Connection attempt result: None 
[debug] 2026-03-28T22:51:17.150947Z BleepRifleLogger.scala:23 bloop-rifle: Checking for a running Bloop server at /Users/oyvind/Library/Caches/build.bleep/socket/graalvm-community_24.0.1 ... 
[debug] 2026-03-28T22:51:17.151107Z BleepRifleLogger.scala:23 bloop-rifle: Attempting to connect to Bloop server /Users/oyvind/Library/Caches/build.bleep/socket/graalvm-community_24.0.1 ... 
[debug] 2026-03-28T22:51:17.151128Z BleepRifleLogger.scala:23 bloop-rifle: Connection attempt result: None 
[debug] 2026-03-28T22:51:17.251984Z BleepRifleLogger.scala:23 bloop-rifle: Checking for a running Bloop server at /Users/oyvind/Library/Caches/build.bleep/socket/graalvm-community_24.0.1 ... 
[debug] 2026-03-28T22:51:17.252138Z BleepRifleLogger.scala:23 bloop-rifle: Attempting to connect to Bloop server /Users/oyvind/Library/Caches/build.bleep/socket/graalvm-community_24.0.1 ... 
[debug] 2026-03-28T22:51:17.252158Z BleepRifleLogger.scala:23 bloop-rifle: Connection attempt result: None 
[debug] 2026-03-28T22:51:17.349714Z BleepRifleLogger.scala:23 bloop-rifle: Checking for a running Bloop server at /Users/oyvind/Library/Caches/build.bleep/socket/graalvm-community_24.0.1 ... 
[debug] 2026-03-28T22:51:17.349900Z BleepRifleLogger.scala:23 bloop-rifle: Attempting to connect to Bloop server /Users/oyvind/Library/Caches/build.bleep/socket/graalvm-community_24.0.1 ... 
[debug] 2026-03-28T22:51:17.349927Z BleepRifleLogger.scala:23 bloop-rifle: Connection attempt result: None 
[debug] 2026-03-28T22:51:17.452179Z BleepRifleLogger.scala:23 bloop-rifle: Checking for a running Bloop server at /Users/oyvind/Library/Caches/build.bleep/socket/graalvm-community_24.0.1 ... 
[debug] 2026-03-28T22:51:17.452343Z BleepRifleLogger.scala:23 bloop-rifle: Attempting to connect to Bloop server /Users/oyvind/Library/Caches/build.bleep/socket/graalvm-community_24.0.1 ... 
[debug] 2026-03-28T22:51:17.452822Z BleepRifleLogger.scala:23 bloop-rifle: Connection attempt result: Some(Right(java.nio.channels.SocketChannel[connected local= remote=/Users/oyvind/Library/Caches/build.bleep/socket/graalvm-community_24.0.1/socket])) 
[debug] 2026-03-28T22:51:17.452891Z BleepRifleLogger.scala:23 bloop-rifle: Checking for a running Bloop server at /Users/oyvind/Library/Caches/build.bleep/socket/graalvm-community_24.0.1 ... 
[debug] 2026-03-28T22:51:17.452924Z BleepRifleLogger.scala:23 bloop-rifle: Attempting to connect to Bloop server /Users/oyvind/Library/Caches/build.bleep/socket/graalvm-community_24.0.1 ... 
[debug] 2026-03-28T22:51:17.452995Z BleepRifleLogger.scala:23 bloop-rifle: Connection attempt result: Some(Right(java.nio.channels.SocketChannel[connected local= remote=/Users/oyvind/Library/Caches/build.bleep/socket/graalvm-community_24.0.1/socket])) 
[debug] 2026-03-28T22:51:17.453549Z BleepRifleLogger.scala:23 bloop-rifle: nailgun debug: Sending arguments '' to Nailgun server 
[debug] 2026-03-28T22:51:17.453601Z BleepRifleLogger.scala:23 bloop-rifle: nailgun debug: Sending environment variables to Nailgun server 
[debug] 2026-03-28T22:51:17.453744Z BleepRifleLogger.scala:23 bloop-rifle: nailgun debug: Sending working directory /Users/oyvind/pr/bleep-publishing-test to Nailgun server 
[debug] 2026-03-28T22:51:17.453764Z BleepRifleLogger.scala:23 bloop-rifle: nailgun debug: Sending command to about Nailgun server 
[debug] 2026-03-28T22:51:17.453777Z BleepRifleLogger.scala:23 bloop-rifle: nailgun debug: Finished sending command information to Nailgun server 
[debug] 2026-03-28T22:51:17.453788Z BleepRifleLogger.scala:23 bloop-rifle: nailgun debug: Starting thread to read stdin... 
[debug] 2026-03-28T22:51:17.754765Z BleepRifleLogger.scala:23 bloop-rifle: nailgun debug: Received action Print([B@1f63f7d1) from Nailgun server 
[debug] 2026-03-28T22:51:17.754864Z BleepRifleLogger.scala:23 bloop-rifle: nailgun debug: Received action Print([B@62c7f9be) from Nailgun server 
[debug] 2026-03-28T22:51:17.754882Z BleepRifleLogger.scala:23 bloop-rifle: nailgun debug: Received action Print([B@69c85ec) from Nailgun server 
[debug] 2026-03-28T22:51:17.754896Z BleepRifleLogger.scala:23 bloop-rifle: nailgun debug: Received action Print([B@1a21d9e6) from Nailgun server 
[debug] 2026-03-28T22:51:17.754909Z BleepRifleLogger.scala:23 bloop-rifle: nailgun debug: Received action Print([B@18d62dbd) from Nailgun server 
[debug] 2026-03-28T22:51:17.754921Z BleepRifleLogger.scala:23 bloop-rifle: nailgun debug: Received action Print([B@49ad256c) from Nailgun server 
[debug] 2026-03-28T22:51:17.755166Z BleepRifleLogger.scala:23 bloop-rifle: nailgun debug: Received action Exit(0) from Nailgun server 
[debug] 2026-03-28T22:51:17.755197Z BleepRifleLogger.scala:23 bloop-rifle: nailgun debug: Waiting for stdin thread to finish... 
[debug] 2026-03-28T22:51:17.755209Z BleepRifleLogger.scala:23 bloop-rifle: nailgun debug: Waiting for heartbeat thread to finish... 
[debug] 2026-03-28T22:51:17.755221Z BleepRifleLogger.scala:23 bloop-rifle: nailgun debug: Returning exit code... 
[debug] 2026-03-28T22:51:17.755282Z BleepRifleLogger.scala:23 bloop-rifle: Opening BSP connection with bloop 
[debug] 2026-03-28T22:51:17.755460Z BleepRifleLogger.scala:23 bloop-rifle: Bloop BSP connection waiting at 127.0.0.1:56453 
[debug] 2026-03-28T22:51:17.755779Z BleepRifleLogger.scala:23 bloop-rifle: nailgun debug: Sending arguments '--protocol tcp --host 127.0.0.1 --port 56453' to Nailgun server 
[debug] 2026-03-28T22:51:17.755854Z BleepRifleLogger.scala:23 bloop-rifle: nailgun debug: Sending environment variables to Nailgun server 
[debug] 2026-03-28T22:51:17.755989Z BleepRifleLogger.scala:23 bloop-rifle: nailgun debug: Sending working directory /Users/oyvind/pr/bleep-publishing-test/.bleep/builds/normal to Nailgun server 
[debug] 2026-03-28T22:51:17.756008Z BleepRifleLogger.scala:23 bloop-rifle: nailgun debug: Sending command to bsp Nailgun server 
[debug] 2026-03-28T22:51:17.756023Z BleepRifleLogger.scala:23 bloop-rifle: nailgun debug: Finished sending command information to Nailgun server 
[debug] 2026-03-28T22:51:17.756032Z BleepRifleLogger.scala:23 bloop-rifle: nailgun debug: Starting thread to read stdin... 
[debug] 2026-03-28T22:51:17.909849Z BleepRifleLogger.scala:23 bloop-rifle: Connected to Bloop via BSP at 127.0.0.1:56453 
[debug] 2026-03-28T22:51:17.909945Z BleepRifleLogger.scala:23 bloop-rifle: Connected to Bloop via BSP at 127.0.0.1:56453 
[debug] 2026-03-28T22:51:17.910893Z BleepRifleLogger.scala:23 bloop-rifle: nailgun debug: Received action Print([B@57919c23) from Nailgun server 
[debug] 2026-03-28T22:51:17.910975Z BleepRifleLogger.scala:53 bloop: The server is listening for incoming connections at tcp://127.0.0.1:56453... 
[debug] 2026-03-28T22:51:17.911503Z BleepRifleLogger.scala:23 bloop-rifle: nailgun debug: Received action Print([B@106226f1) from Nailgun server 
[debug] 2026-03-28T22:51:17.911529Z BleepRifleLogger.scala:53 bloop: Accepted incoming BSP client connection at tcp://127.0.0.1:56453 
[debug] 2026-03-28T22:51:17.914683Z BleepRifleLogger.scala:23 bloop-rifle: Sending buildInitialize BSP command to Bloop 
[debug] 2026-03-28T22:51:18.016449Z BleepRifleLogger.scala:23 bloop-rifle: nailgun debug: Received action Print([B@3a413285) from Nailgun server 
[debug] 2026-03-28T22:51:18.016580Z BleepRifleLogger.scala:53 bloop: request received: build/initialize 
[debug] 2026-03-28T22:51:18.035202Z BleepRifleLogger.scala:23 bloop-rifle: nailgun debug: Received action Print([B@4303b503) from Nailgun server 
[debug] 2026-03-28T22:51:18.035279Z BleepRifleLogger.scala:53 bloop: BSP initialization handshake complete. 
[info ] 2026-03-28T22:51:24.790594Z Compile.scala:24 Compilation succeeded 
